<?xml version="1.0" encoding="UTF-8"?>
<testng-results skipped="0" failed="1" ignored="0" total="6" passed="5">
  <reporter-output>
    <line>
      <![CDATA[<a href='C:\Santhoshbackup\selenium\Feb2020POMSeries\target\surefire-reports\failure_screenshots\verifySignUpLinkTest_30_04_2020_06_53_26.png'> <img src='C:\Santhoshbackup\selenium\Feb2020POMSeries\target\surefire-reports\failure_screenshots\verifySignUpLinkTest_30_04_2020_06_53_26.png' height='100' width='100'/> </a>]]>
    </line>
  </reporter-output>
  <suite name="HubSpot App Regression Suite" duration-ms="32747" started-at="2020-04-30T01:23:08Z" finished-at="2020-04-30T01:23:41Z">
    <groups>
    </groups>
    <test name="HubSpot Functional Regression Test" duration-ms="32747" started-at="2020-04-30T01:23:08Z" finished-at="2020-04-30T01:23:41Z">
      <class name="com.qa.hubspot.tests.LoginPageTest">
        <test-method status="PASS" signature="setUp()[pri:0, instance:com.qa.hubspot.tests.LoginPageTest@2a39fe6a]" name="setUp" is-config="true" duration-ms="17396" started-at="2020-04-30T06:53:08Z" finished-at="2020-04-30T06:53:26Z">
          <reporter-output>
          </reporter-output>
        </test-method> <!-- setUp -->
        <test-method status="PASS" signature="verifyLoginPageTitleTest()[pri:1, instance:com.qa.hubspot.tests.LoginPageTest@2a39fe6a]" name="verifyLoginPageTitleTest" duration-ms="232" started-at="2020-04-30T06:53:26Z" finished-at="2020-04-30T06:53:26Z">
          <reporter-output>
          </reporter-output>
        </test-method> <!-- verifyLoginPageTitleTest -->
        <test-method status="FAIL" signature="verifySignUpLinkTest()[pri:2, instance:com.qa.hubspot.tests.LoginPageTest@2a39fe6a]" name="verifySignUpLinkTest" duration-ms="64" started-at="2020-04-30T06:53:26Z" finished-at="2020-04-30T06:53:26Z">
          <exception class="java.lang.AssertionError">
            <message>
              <![CDATA[singUp link is not present .... expected [true] but found [false]]]>
            </message>
            <full-stacktrace>
              <![CDATA[java.lang.AssertionError: singUp link is not present .... expected [true] but found [false]
	at org.testng.Assert.fail(Assert.java:94)
	at org.testng.Assert.failNotEquals(Assert.java:513)
	at org.testng.Assert.assertTrue(Assert.java:42)
	at com.qa.hubspot.tests.LoginPageTest.verifySignUpLinkTest(LoginPageTest.java:63)
	at sun.reflect.NativeMethodAccessorImpl.invoke0(Native Method)
	at sun.reflect.NativeMethodAccessorImpl.invoke(NativeMethodAccessorImpl.java:62)
	at sun.reflect.DelegatingMethodAccessorImpl.invoke(DelegatingMethodAccessorImpl.java:43)
	at java.lang.reflect.Method.invoke(Method.java:498)
	at org.testng.internal.MethodInvocationHelper.invokeMethod(MethodInvocationHelper.java:104)
	at org.testng.internal.Invoker.invokeMethod(Invoker.java:645)
	at org.testng.internal.Invoker.invokeTestMethod(Invoker.java:851)
	at org.testng.internal.Invoker.invokeTestMethods(Invoker.java:1177)
	at org.testng.internal.TestMethodWorker.invokeTestMethods(TestMethodWorker.java:129)
	at org.testng.internal.TestMethodWorker.run(TestMethodWorker.java:112)
	at org.testng.TestRunner.privateRun(TestRunner.java:756)
	at org.testng.TestRunner.run(TestRunner.java:610)
	at org.testng.SuiteRunner.runTest(SuiteRunner.java:387)
	at org.testng.SuiteRunner.runSequentially(SuiteRunner.java:382)
	at org.testng.SuiteRunner.privateRun(SuiteRunner.java:340)
	at org.testng.SuiteRunner.run(SuiteRunner.java:289)
	at org.testng.SuiteRunnerWorker.runSuite(SuiteRunnerWorker.java:52)
	at org.testng.SuiteRunnerWorker.run(SuiteRunnerWorker.java:86)
	at org.testng.TestNG.runSuitesSequentially(TestNG.java:1293)
	at org.testng.TestNG.runSuitesLocally(TestNG.java:1218)
	at org.testng.TestNG.runSuites(TestNG.java:1133)
	at org.testng.TestNG.run(TestNG.java:1104)
	at org.testng.remote.AbstractRemoteTestNG.run(AbstractRemoteTestNG.java:132)
	at org.testng.remote.RemoteTestNG.initAndRun(RemoteTestNG.java:236)
	at org.testng.remote.RemoteTestNG.main(RemoteTestNG.java:81)
]]>
            </full-stacktrace>
          </exception> <!-- java.lang.AssertionError -->
          <reporter-output>
            <line>
              <![CDATA[<a href='C:\Santhoshbackup\selenium\Feb2020POMSeries\target\surefire-reports\failure_screenshots\verifySignUpLinkTest_30_04_2020_06_53_26.png'> <img src='C:\Santhoshbackup\selenium\Feb2020POMSeries\target\surefire-reports\failure_screenshots\verifySignUpLinkTest_30_04_2020_06_53_26.png' height='100' width='100'/> </a>]]>
            </line>
          </reporter-output>
        </test-method> <!-- verifySignUpLinkTest -->
        <test-method status="PASS" signature="verifShowPasswordLinkTest()[pri:3, instance:com.qa.hubspot.tests.LoginPageTest@2a39fe6a]" name="verifShowPasswordLinkTest" duration-ms="157" started-at="2020-04-30T06:53:27Z" finished-at="2020-04-30T06:53:27Z">
          <reporter-output>
          </reporter-output>
        </test-method> <!-- verifShowPasswordLinkTest -->
        <test-method status="PASS" signature="verifyForgotPasswordTest()[pri:4, instance:com.qa.hubspot.tests.LoginPageTest@2a39fe6a]" name="verifyForgotPasswordTest" duration-ms="71" started-at="2020-04-30T06:53:27Z" finished-at="2020-04-30T06:53:27Z">
          <reporter-output>
          </reporter-output>
        </test-method> <!-- verifyForgotPasswordTest -->
        <test-method status="PASS" signature="verifycheckloginSSOButtonTest()[pri:5, instance:com.qa.hubspot.tests.LoginPageTest@2a39fe6a]" name="verifycheckloginSSOButtonTest" duration-ms="51" started-at="2020-04-30T06:53:27Z" finished-at="2020-04-30T06:53:27Z">
          <reporter-output>
          </reporter-output>
        </test-method> <!-- verifycheckloginSSOButtonTest -->
        <test-method status="PASS" signature="loginTest()[pri:6, instance:com.qa.hubspot.tests.LoginPageTest@2a39fe6a]" name="loginTest" duration-ms="12631" started-at="2020-04-30T06:53:27Z" finished-at="2020-04-30T06:53:40Z">
          <reporter-output>
          </reporter-output>
        </test-method> <!-- loginTest -->
        <test-method status="PASS" signature="tearDown()[pri:0, instance:com.qa.hubspot.tests.LoginPageTest@2a39fe6a]" name="tearDown" is-config="true" duration-ms="970" started-at="2020-04-30T06:53:40Z" finished-at="2020-04-30T06:53:41Z">
          <reporter-output>
          </reporter-output>
        </test-method> <!-- tearDown -->
      </class> <!-- com.qa.hubspot.tests.LoginPageTest -->
    </test> <!-- HubSpot Functional Regression Test -->
  </suite> <!-- HubSpot App Regression Suite -->
</testng-results>
